<?xml version="1.0" encoding="UTF-8"?>
<!-- Generated by org.testng.reporters.JUnitReportReporter -->
<testsuite hostname="DESKTOP-5AB338K" failures="0" tests="1" name="testscript.Sample" time="0.013" errors="0" timestamp="2023-04-05T13:39:09 IST" skipped="0">
  <testcase classname="testscript.Sample" name="delete" time="0.013"/>
  <system-out/>
</testsuite> <!-- testscript.Sample -->
