<?xml version="1.0" encoding="UTF-8"?>
<!-- Generated by org.testng.reporters.JUnitReportReporter -->
<testsuite hostname="DESKTOP-5AB338K" failures="0" tests="1" name="testscript.Sample1" time="0.003" errors="0" timestamp="2023-04-05T13:39:09 IST" skipped="0">
  <testcase classname="testscript.Sample1" name="recover" time="0.003"/>
  <system-out/>
</testsuite> <!-- testscript.Sample1 -->
